<?xml version="1.0" encoding="UTF-8" ?>
<testsuite tests="2" failures="2" name="TestSuite" time="16.586" errors="0" skipped="0">
  <properties>
    <property name="java.runtime.name" value="Java(TM) SE Runtime Environment"/>
    <property name="sun.boot.library.path" value="C:\Program Files\Java\jdk1.8.0_101\jre\bin"/>
    <property name="java.vm.version" value="25.101-b13"/>
    <property name="java.vm.vendor" value="Oracle Corporation"/>
    <property name="java.vendor.url" value="http://java.oracle.com/"/>
    <property name="path.separator" value=";"/>
    <property name="java.vm.name" value="Java HotSpot(TM) 64-Bit Server VM"/>
    <property name="file.encoding.pkg" value="sun.io"/>
    <property name="user.script" value=""/>
    <property name="user.country" value="US"/>
    <property name="sun.java.launcher" value="SUN_STANDARD"/>
    <property name="sun.os.patch.level" value="Service Pack 1"/>
    <property name="java.vm.specification.name" value="Java Virtual Machine Specification"/>
    <property name="user.dir" value="C:\Users\dgm9075\workspace\InSightlyTestAutomation"/>
    <property name="java.runtime.version" value="1.8.0_101-b13"/>
    <property name="java.awt.graphicsenv" value="sun.awt.Win32GraphicsEnvironment"/>
    <property name="basedir" value="C:\Users\dgm9075\workspace\InSightlyTestAutomation"/>
    <property name="java.endorsed.dirs" value="C:\Program Files\Java\jdk1.8.0_101\jre\lib\endorsed"/>
    <property name="os.arch" value="amd64"/>
    <property name="surefire.real.class.path" value="C:\Users\dgm9075\AppData\Local\Temp\surefirebooter1913609710555518224.jar"/>
    <property name="java.io.tmpdir" value="C:\Users\dgm9075\AppData\Local\Temp\"/>
    <property name="line.separator" value="
"/>
    <property name="java.vm.specification.vendor" value="Oracle Corporation"/>
    <property name="user.variant" value=""/>
    <property name="os.name" value="Windows 7"/>
    <property name="sun.jnu.encoding" value="Cp1252"/>
    <property name="jnidispatch.path" value="C:\Users\dgm9075\AppData\Local\Temp\jna-1607267199\jna1665344259404716729.dll"/>
    <property name="java.library.path" value="C:\Program Files\Java\jdk1.8.0_101\jre\bin;C:\WINDOWS\Sun\Java\bin;C:\WINDOWS\system32;C:\WINDOWS;C:/Program Files/Java/jre1.8.0_101/bin/server;C:/Program Files/Java/jre1.8.0_101/bin;C:/Program Files/Java/jre1.8.0_101/lib/amd64;C:\ProgramData\Oracle\Java\javapath;C:\WINDOWS\system32;C:\WINDOWS;C:\WINDOWS\System32\Wbem;C:\WINDOWS\System32\WindowsPowerShell\v1.0\;C:\Program Files (x86)\QuickTime\QTSystem\;C:\Program Files (x86)\Enterprise Vault\EVClient\;C:\Program Files (x86)\Silk\SilkTest;C:\Program Files (x86)\Silk\SilkTest\ng\gui;C:\Program Files (x86)\Windows Kits\8.1\Windows Performance Toolkit\;C:\Program Files\Microsoft SQL Server\110\Tools\Binn\;C:\Program Files (x86)\Microsoft SDKs\TypeScript\1.0\;C:\Program Files\Microsoft SQL Server\120\Tools\Binn\;C:\Windows\Microsoft.NET\Framework64\v2.0.50727\;C:\Program Files\Intel\WiFi\bin\;C:\Program Files\Common Files\Intel\WirelessCommon\;C:\Program Files\Git\cmd;C:\Program Files (x86)\MySQL\mysql\bin;C:\Program Files (x86)\MySQL\MySQL Fabric 1.5 &amp; MySQL Utilities 1.5\;C:\Program Files (x86)\MySQL\MySQL Fabric 1.5 &amp; MySQL Utilities 1.5\Doctrine extensions for PHP\;C:\Program Files\Java\jdk1.8.0_101\bin;C:\Program Files\Intel\WiFi\bin\;C:\Program Files\Common Files\Intel\WirelessCommon\;C:\Users\dgm9075\Downloads;;."/>
    <property name="surefire.test.class.path" value="C:\Users\dgm9075\workspace\InSightlyTestAutomation\target\test-classes;C:\Users\dgm9075\workspace\InSightlyTestAutomation\target\classes;C:\Users\dgm9075\.m2\repository\org\seleniumhq\selenium\client-drivers\selenium-java-client-driver\1.0.2\selenium-java-client-driver-1.0.2.jar;C:\Users\dgm9075\.m2\repository\org\seleniumhq\selenium\selenium-server\2.48.2\selenium-server-2.48.2.jar;C:\Users\dgm9075\.m2\repository\com\beust\jcommander\1.48\jcommander-1.48.jar;C:\Users\dgm9075\.m2\repository\org\bouncycastle\bcprov-jdk15on\1.48\bcprov-jdk15on-1.48.jar;C:\Users\dgm9075\.m2\repository\org\bouncycastle\bcpkix-jdk15on\1.48\bcpkix-jdk15on-1.48.jar;C:\Users\dgm9075\.m2\repository\mx4j\mx4j-tools\3.0.1\mx4j-tools-3.0.1.jar;C:\Users\dgm9075\.m2\repository\org\mortbay\jetty\servlet-api-2.5\6.1.9\servlet-api-2.5-6.1.9.jar;C:\Users\dgm9075\.m2\repository\org\seleniumhq\selenium\jetty-repacked\9.2.13.v20150730\jetty-repacked-9.2.13.v20150730.jar;C:\Users\dgm9075\.m2\repository\javax\servlet\javax.servlet-api\3.1.0\javax.servlet-api-3.1.0.jar;C:\Users\dgm9075\.m2\repository\org\seleniumhq\selenium\jetty-rc-repacked\5\jetty-rc-repacked-5.jar;C:\Users\dgm9075\.m2\repository\net\jcip\jcip-annotations\1.0\jcip-annotations-1.0.jar;C:\Users\dgm9075\.m2\repository\org\yaml\snakeyaml\1.8\snakeyaml-1.8.jar;C:\Users\dgm9075\.m2\repository\commons-codec\commons-codec\1.10\commons-codec-1.10.jar;C:\Users\dgm9075\.m2\repository\org\testng\testng\6.4\testng-6.4.jar;C:\Users\dgm9075\.m2\repository\junit\junit\3.8.1\junit-3.8.1.jar;C:\Users\dgm9075\.m2\repository\org\beanshell\bsh\2.0b4\bsh-2.0b4.jar;C:\Users\dgm9075\.m2\repository\org\uncommons\reportng\1.1.2\reportng-1.1.2.jar;C:\Users\dgm9075\.m2\repository\velocity\velocity\1.4\velocity-1.4.jar;C:\Users\dgm9075\.m2\repository\velocity\velocity-dep\1.4\velocity-dep-1.4.jar;C:\Users\dgm9075\.m2\repository\com\google\inject\guice\3.0\guice-3.0.jar;C:\Users\dgm9075\.m2\repository\javax\inject\javax.inject\1\javax.inject-1.jar;C:\Users\dgm9075\.m2\repository\aopalliance\aopalliance\1.0\aopalliance-1.0.jar;C:\Users\dgm9075\.m2\repository\org\apache\velocity\velocity\1.6.3\velocity-1.6.3.jar;C:\Users\dgm9075\.m2\repository\commons-lang\commons-lang\2.4\commons-lang-2.4.jar;C:\Users\dgm9075\.m2\repository\oro\oro\2.0.8\oro-2.0.8.jar;C:\Users\dgm9075\.m2\repository\commons-logging\commons-logging\1.1.1\commons-logging-1.1.1.jar;C:\Users\dgm9075\.m2\repository\log4j\log4j\1.2.14\log4j-1.2.14.jar;C:\Users\dgm9075\.m2\repository\org\apache\commons\commons-email\1.2\commons-email-1.2.jar;C:\Users\dgm9075\.m2\repository\javax\mail\mail\1.4.1\mail-1.4.1.jar;C:\Users\dgm9075\.m2\repository\javax\activation\activation\1.1\activation-1.1.jar;C:\Users\dgm9075\.m2\repository\org\htmlparser\htmlparser\2.1\htmlparser-2.1.jar;C:\Users\dgm9075\.m2\repository\org\htmlparser\htmllexer\2.1\htmllexer-2.1.jar;C:\Users\dgm9075\.m2\repository\org\easytesting\fest-swing-testng\1.2.1\fest-swing-testng-1.2.1.jar;C:\Users\dgm9075\.m2\repository\org\testng\testng\5.7\testng-5.7-jdk15.jar;C:\Users\dgm9075\.m2\repository\org\easytesting\fest-swing\1.2.1\fest-swing-1.2.1.jar;C:\Users\dgm9075\.m2\repository\org\easytesting\fest-assert\1.2\fest-assert-1.2.jar;C:\Users\dgm9075\.m2\repository\org\easytesting\fest-reflect\1.2\fest-reflect-1.2.jar;C:\Users\dgm9075\.m2\repository\org\easytesting\fest-util\1.1.3\fest-util-1.1.3.jar;C:\Users\dgm9075\.m2\repository\commons-collections\commons-collections\3.2.1\commons-collections-3.2.1.jar;C:\Users\dgm9075\.m2\repository\org\apache\poi\poi\3.13\poi-3.13.jar;C:\Users\dgm9075\.m2\repository\maven\dom4j\1.7-20060614\dom4j-1.7-20060614.jar;C:\Users\dgm9075\.m2\repository\jaxme\jaxme-api\0.3\jaxme-api-0.3.jar;C:\Users\dgm9075\.m2\repository\jaxen\jaxen\1.1-beta-8\jaxen-1.1-beta-8.jar;C:\Users\dgm9075\.m2\repository\dom4j\dom4j\1.6.1\dom4j-1.6.1.jar;C:\Users\dgm9075\.m2\repository\xml-apis\xml-apis\1.0.b2\xml-apis-1.0.b2.jar;C:\Users\dgm9075\.m2\repository\jdom\jdom\1.0\jdom-1.0.jar;C:\Users\dgm9075\.m2\repository\xerces\xmlParserAPIs\2.6.2\xmlParserAPIs-2.6.2.jar;C:\Users\dgm9075\.m2\repository\xerces\xercesImpl\2.6.2\xercesImpl-2.6.2.jar;C:\Users\dgm9075\.m2\repository\xom\xom\1.0b3\xom-1.0b3.jar;C:\Users\dgm9075\.m2\repository\com\ibm\icu\icu4j\2.6.1\icu4j-2.6.1.jar;C:\Users\dgm9075\.m2\repository\xalan\xalan\2.6.0\xalan-2.6.0.jar;C:\Users\dgm9075\.m2\repository\org\ccil\cowan\tagsoup\tagsoup\0.9.7\tagsoup-0.9.7.jar;C:\Users\dgm9075\.m2\repository\msv\xsdlib\20030807\xsdlib-20030807.jar;C:\Users\dgm9075\.m2\repository\msv\relaxngDatatype\20030807\relaxngDatatype-20030807.jar;C:\Users\dgm9075\.m2\repository\pull-parser\pull-parser\2.1.10\pull-parser-2.1.10.jar;C:\Users\dgm9075\.m2\repository\xpp3\xpp3\1.1.3.3\xpp3-1.1.3.3.jar;C:\Users\dgm9075\.m2\repository\stax\stax-api\1.0\stax-api-1.0.jar;C:\Users\dgm9075\.m2\repository\junitperf\junitperf\1.8\junitperf-1.8.jar;C:\Users\dgm9075\.m2\repository\org\seleniumhq\selenium\selenium-java\2.48.2\selenium-java-2.48.2.jar;C:\Users\dgm9075\.m2\repository\org\seleniumhq\selenium\selenium-chrome-driver\2.48.2\selenium-chrome-driver-2.48.2.jar;C:\Users\dgm9075\.m2\repository\org\seleniumhq\selenium\selenium-remote-driver\2.48.2\selenium-remote-driver-2.48.2.jar;C:\Users\dgm9075\.m2\repository\cglib\cglib-nodep\2.1_3\cglib-nodep-2.1_3.jar;C:\Users\dgm9075\.m2\repository\com\google\code\gson\gson\2.3.1\gson-2.3.1.jar;C:\Users\dgm9075\.m2\repository\org\seleniumhq\selenium\selenium-api\2.48.2\selenium-api-2.48.2.jar;C:\Users\dgm9075\.m2\repository\com\google\guava\guava\18.0\guava-18.0.jar;C:\Users\dgm9075\.m2\repository\org\seleniumhq\selenium\selenium-edge-driver\2.48.2\selenium-edge-driver-2.48.2.jar;C:\Users\dgm9075\.m2\repository\commons-io\commons-io\2.4\commons-io-2.4.jar;C:\Users\dgm9075\.m2\repository\org\apache\commons\commons-exec\1.3\commons-exec-1.3.jar;C:\Users\dgm9075\.m2\repository\org\seleniumhq\selenium\selenium-htmlunit-driver\2.48.2\selenium-htmlunit-driver-2.48.2.jar;C:\Users\dgm9075\.m2\repository\net\sourceforge\htmlunit\htmlunit\2.18\htmlunit-2.18.jar;C:\Users\dgm9075\.m2\repository\org\apache\commons\commons-lang3\3.4\commons-lang3-3.4.jar;C:\Users\dgm9075\.m2\repository\org\apache\httpcomponents\httpmime\4.5\httpmime-4.5.jar;C:\Users\dgm9075\.m2\repository\net\sourceforge\htmlunit\htmlunit-core-js\2.17\htmlunit-core-js-2.17.jar;C:\Users\dgm9075\.m2\repository\net\sourceforge\nekohtml\nekohtml\1.9.22\nekohtml-1.9.22.jar;C:\Users\dgm9075\.m2\repository\net\sourceforge\cssparser\cssparser\0.9.16\cssparser-0.9.16.jar;C:\Users\dgm9075\.m2\repository\org\w3c\css\sac\1.3\sac-1.3.jar;C:\Users\dgm9075\.m2\repository\org\eclipse\jetty\websocket\websocket-client\9.2.12.v20150709\websocket-client-9.2.12.v20150709.jar;C:\Users\dgm9075\.m2\repository\org\eclipse\jetty\jetty-util\9.2.12.v20150709\jetty-util-9.2.12.v20150709.jar;C:\Users\dgm9075\.m2\repository\org\eclipse\jetty\jetty-io\9.2.12.v20150709\jetty-io-9.2.12.v20150709.jar;C:\Users\dgm9075\.m2\repository\org\eclipse\jetty\websocket\websocket-common\9.2.12.v20150709\websocket-common-9.2.12.v20150709.jar;C:\Users\dgm9075\.m2\repository\org\eclipse\jetty\websocket\websocket-api\9.2.12.v20150709\websocket-api-9.2.12.v20150709.jar;C:\Users\dgm9075\.m2\repository\org\apache\httpcomponents\httpclient\4.5.1\httpclient-4.5.1.jar;C:\Users\dgm9075\.m2\repository\org\apache\httpcomponents\httpcore\4.4.3\httpcore-4.4.3.jar;C:\Users\dgm9075\.m2\repository\org\seleniumhq\selenium\selenium-firefox-driver\2.48.2\selenium-firefox-driver-2.48.2.jar;C:\Users\dgm9075\.m2\repository\org\seleniumhq\selenium\selenium-ie-driver\2.48.2\selenium-ie-driver-2.48.2.jar;C:\Users\dgm9075\.m2\repository\net\java\dev\jna\jna\4.1.0\jna-4.1.0.jar;C:\Users\dgm9075\.m2\repository\net\java\dev\jna\jna-platform\4.1.0\jna-platform-4.1.0.jar;C:\Users\dgm9075\.m2\repository\org\seleniumhq\selenium\selenium-safari-driver\2.48.2\selenium-safari-driver-2.48.2.jar;C:\Users\dgm9075\.m2\repository\org\seleniumhq\selenium\selenium-support\2.48.2\selenium-support-2.48.2.jar;C:\Users\dgm9075\.m2\repository\org\webbitserver\webbit\0.4.14\webbit-0.4.14.jar;C:\Users\dgm9075\.m2\repository\io\netty\netty\3.5.2.Final\netty-3.5.2.Final.jar;C:\Users\dgm9075\.m2\repository\org\seleniumhq\selenium\selenium-leg-rc\2.48.2\selenium-leg-rc-2.48.2.jar;C:\Users\dgm9075\.m2\repository\org\apache\poi\poi-ooxml\3.13\poi-ooxml-3.13.jar;C:\Users\dgm9075\.m2\repository\org\apache\poi\poi-ooxml-schemas\3.13\poi-ooxml-schemas-3.13.jar;C:\Users\dgm9075\.m2\repository\org\apache\xmlbeans\xmlbeans\2.6.0\xmlbeans-2.6.0.jar;"/>
    <property name="java.specification.name" value="Java Platform API Specification"/>
    <property name="java.class.version" value="52.0"/>
    <property name="sun.management.compiler" value="HotSpot 64-Bit Tiered Compilers"/>
    <property name="os.version" value="6.1"/>
    <property name="user.home" value="C:\Users\dgm9075"/>
    <property name="user.timezone" value="America/Los_Angeles"/>
    <property name="java.awt.printerjob" value="sun.awt.windows.WPrinterJob"/>
    <property name="java.specification.version" value="1.8"/>
    <property name="file.encoding" value="Cp1252"/>
    <property name="user.name" value="dgm9075"/>
    <property name="java.class.path" value="C:\Users\dgm9075\workspace\InSightlyTestAutomation\target\test-classes;C:\Users\dgm9075\workspace\InSightlyTestAutomation\target\classes;C:\Users\dgm9075\.m2\repository\org\seleniumhq\selenium\client-drivers\selenium-java-client-driver\1.0.2\selenium-java-client-driver-1.0.2.jar;C:\Users\dgm9075\.m2\repository\org\seleniumhq\selenium\selenium-server\2.48.2\selenium-server-2.48.2.jar;C:\Users\dgm9075\.m2\repository\com\beust\jcommander\1.48\jcommander-1.48.jar;C:\Users\dgm9075\.m2\repository\org\bouncycastle\bcprov-jdk15on\1.48\bcprov-jdk15on-1.48.jar;C:\Users\dgm9075\.m2\repository\org\bouncycastle\bcpkix-jdk15on\1.48\bcpkix-jdk15on-1.48.jar;C:\Users\dgm9075\.m2\repository\mx4j\mx4j-tools\3.0.1\mx4j-tools-3.0.1.jar;C:\Users\dgm9075\.m2\repository\org\mortbay\jetty\servlet-api-2.5\6.1.9\servlet-api-2.5-6.1.9.jar;C:\Users\dgm9075\.m2\repository\org\seleniumhq\selenium\jetty-repacked\9.2.13.v20150730\jetty-repacked-9.2.13.v20150730.jar;C:\Users\dgm9075\.m2\repository\javax\servlet\javax.servlet-api\3.1.0\javax.servlet-api-3.1.0.jar;C:\Users\dgm9075\.m2\repository\org\seleniumhq\selenium\jetty-rc-repacked\5\jetty-rc-repacked-5.jar;C:\Users\dgm9075\.m2\repository\net\jcip\jcip-annotations\1.0\jcip-annotations-1.0.jar;C:\Users\dgm9075\.m2\repository\org\yaml\snakeyaml\1.8\snakeyaml-1.8.jar;C:\Users\dgm9075\.m2\repository\commons-codec\commons-codec\1.10\commons-codec-1.10.jar;C:\Users\dgm9075\.m2\repository\org\testng\testng\6.4\testng-6.4.jar;C:\Users\dgm9075\.m2\repository\junit\junit\3.8.1\junit-3.8.1.jar;C:\Users\dgm9075\.m2\repository\org\beanshell\bsh\2.0b4\bsh-2.0b4.jar;C:\Users\dgm9075\.m2\repository\org\uncommons\reportng\1.1.2\reportng-1.1.2.jar;C:\Users\dgm9075\.m2\repository\velocity\velocity\1.4\velocity-1.4.jar;C:\Users\dgm9075\.m2\repository\velocity\velocity-dep\1.4\velocity-dep-1.4.jar;C:\Users\dgm9075\.m2\repository\com\google\inject\guice\3.0\guice-3.0.jar;C:\Users\dgm9075\.m2\repository\javax\inject\javax.inject\1\javax.inject-1.jar;C:\Users\dgm9075\.m2\repository\aopalliance\aopalliance\1.0\aopalliance-1.0.jar;C:\Users\dgm9075\.m2\repository\org\apache\velocity\velocity\1.6.3\velocity-1.6.3.jar;C:\Users\dgm9075\.m2\repository\commons-lang\commons-lang\2.4\commons-lang-2.4.jar;C:\Users\dgm9075\.m2\repository\oro\oro\2.0.8\oro-2.0.8.jar;C:\Users\dgm9075\.m2\repository\commons-logging\commons-logging\1.1.1\commons-logging-1.1.1.jar;C:\Users\dgm9075\.m2\repository\log4j\log4j\1.2.14\log4j-1.2.14.jar;C:\Users\dgm9075\.m2\repository\org\apache\commons\commons-email\1.2\commons-email-1.2.jar;C:\Users\dgm9075\.m2\repository\javax\mail\mail\1.4.1\mail-1.4.1.jar;C:\Users\dgm9075\.m2\repository\javax\activation\activation\1.1\activation-1.1.jar;C:\Users\dgm9075\.m2\repository\org\htmlparser\htmlparser\2.1\htmlparser-2.1.jar;C:\Users\dgm9075\.m2\repository\org\htmlparser\htmllexer\2.1\htmllexer-2.1.jar;C:\Users\dgm9075\.m2\repository\org\easytesting\fest-swing-testng\1.2.1\fest-swing-testng-1.2.1.jar;C:\Users\dgm9075\.m2\repository\org\testng\testng\5.7\testng-5.7-jdk15.jar;C:\Users\dgm9075\.m2\repository\org\easytesting\fest-swing\1.2.1\fest-swing-1.2.1.jar;C:\Users\dgm9075\.m2\repository\org\easytesting\fest-assert\1.2\fest-assert-1.2.jar;C:\Users\dgm9075\.m2\repository\org\easytesting\fest-reflect\1.2\fest-reflect-1.2.jar;C:\Users\dgm9075\.m2\repository\org\easytesting\fest-util\1.1.3\fest-util-1.1.3.jar;C:\Users\dgm9075\.m2\repository\commons-collections\commons-collections\3.2.1\commons-collections-3.2.1.jar;C:\Users\dgm9075\.m2\repository\org\apache\poi\poi\3.13\poi-3.13.jar;C:\Users\dgm9075\.m2\repository\maven\dom4j\1.7-20060614\dom4j-1.7-20060614.jar;C:\Users\dgm9075\.m2\repository\jaxme\jaxme-api\0.3\jaxme-api-0.3.jar;C:\Users\dgm9075\.m2\repository\jaxen\jaxen\1.1-beta-8\jaxen-1.1-beta-8.jar;C:\Users\dgm9075\.m2\repository\dom4j\dom4j\1.6.1\dom4j-1.6.1.jar;C:\Users\dgm9075\.m2\repository\xml-apis\xml-apis\1.0.b2\xml-apis-1.0.b2.jar;C:\Users\dgm9075\.m2\repository\jdom\jdom\1.0\jdom-1.0.jar;C:\Users\dgm9075\.m2\repository\xerces\xmlParserAPIs\2.6.2\xmlParserAPIs-2.6.2.jar;C:\Users\dgm9075\.m2\repository\xerces\xercesImpl\2.6.2\xercesImpl-2.6.2.jar;C:\Users\dgm9075\.m2\repository\xom\xom\1.0b3\xom-1.0b3.jar;C:\Users\dgm9075\.m2\repository\com\ibm\icu\icu4j\2.6.1\icu4j-2.6.1.jar;C:\Users\dgm9075\.m2\repository\xalan\xalan\2.6.0\xalan-2.6.0.jar;C:\Users\dgm9075\.m2\repository\org\ccil\cowan\tagsoup\tagsoup\0.9.7\tagsoup-0.9.7.jar;C:\Users\dgm9075\.m2\repository\msv\xsdlib\20030807\xsdlib-20030807.jar;C:\Users\dgm9075\.m2\repository\msv\relaxngDatatype\20030807\relaxngDatatype-20030807.jar;C:\Users\dgm9075\.m2\repository\pull-parser\pull-parser\2.1.10\pull-parser-2.1.10.jar;C:\Users\dgm9075\.m2\repository\xpp3\xpp3\1.1.3.3\xpp3-1.1.3.3.jar;C:\Users\dgm9075\.m2\repository\stax\stax-api\1.0\stax-api-1.0.jar;C:\Users\dgm9075\.m2\repository\junitperf\junitperf\1.8\junitperf-1.8.jar;C:\Users\dgm9075\.m2\repository\org\seleniumhq\selenium\selenium-java\2.48.2\selenium-java-2.48.2.jar;C:\Users\dgm9075\.m2\repository\org\seleniumhq\selenium\selenium-chrome-driver\2.48.2\selenium-chrome-driver-2.48.2.jar;C:\Users\dgm9075\.m2\repository\org\seleniumhq\selenium\selenium-remote-driver\2.48.2\selenium-remote-driver-2.48.2.jar;C:\Users\dgm9075\.m2\repository\cglib\cglib-nodep\2.1_3\cglib-nodep-2.1_3.jar;C:\Users\dgm9075\.m2\repository\com\google\code\gson\gson\2.3.1\gson-2.3.1.jar;C:\Users\dgm9075\.m2\repository\org\seleniumhq\selenium\selenium-api\2.48.2\selenium-api-2.48.2.jar;C:\Users\dgm9075\.m2\repository\com\google\guava\guava\18.0\guava-18.0.jar;C:\Users\dgm9075\.m2\repository\org\seleniumhq\selenium\selenium-edge-driver\2.48.2\selenium-edge-driver-2.48.2.jar;C:\Users\dgm9075\.m2\repository\commons-io\commons-io\2.4\commons-io-2.4.jar;C:\Users\dgm9075\.m2\repository\org\apache\commons\commons-exec\1.3\commons-exec-1.3.jar;C:\Users\dgm9075\.m2\repository\org\seleniumhq\selenium\selenium-htmlunit-driver\2.48.2\selenium-htmlunit-driver-2.48.2.jar;C:\Users\dgm9075\.m2\repository\net\sourceforge\htmlunit\htmlunit\2.18\htmlunit-2.18.jar;C:\Users\dgm9075\.m2\repository\org\apache\commons\commons-lang3\3.4\commons-lang3-3.4.jar;C:\Users\dgm9075\.m2\repository\org\apache\httpcomponents\httpmime\4.5\httpmime-4.5.jar;C:\Users\dgm9075\.m2\repository\net\sourceforge\htmlunit\htmlunit-core-js\2.17\htmlunit-core-js-2.17.jar;C:\Users\dgm9075\.m2\repository\net\sourceforge\nekohtml\nekohtml\1.9.22\nekohtml-1.9.22.jar;C:\Users\dgm9075\.m2\repository\net\sourceforge\cssparser\cssparser\0.9.16\cssparser-0.9.16.jar;C:\Users\dgm9075\.m2\repository\org\w3c\css\sac\1.3\sac-1.3.jar;C:\Users\dgm9075\.m2\repository\org\eclipse\jetty\websocket\websocket-client\9.2.12.v20150709\websocket-client-9.2.12.v20150709.jar;C:\Users\dgm9075\.m2\repository\org\eclipse\jetty\jetty-util\9.2.12.v20150709\jetty-util-9.2.12.v20150709.jar;C:\Users\dgm9075\.m2\repository\org\eclipse\jetty\jetty-io\9.2.12.v20150709\jetty-io-9.2.12.v20150709.jar;C:\Users\dgm9075\.m2\repository\org\eclipse\jetty\websocket\websocket-common\9.2.12.v20150709\websocket-common-9.2.12.v20150709.jar;C:\Users\dgm9075\.m2\repository\org\eclipse\jetty\websocket\websocket-api\9.2.12.v20150709\websocket-api-9.2.12.v20150709.jar;C:\Users\dgm9075\.m2\repository\org\apache\httpcomponents\httpclient\4.5.1\httpclient-4.5.1.jar;C:\Users\dgm9075\.m2\repository\org\apache\httpcomponents\httpcore\4.4.3\httpcore-4.4.3.jar;C:\Users\dgm9075\.m2\repository\org\seleniumhq\selenium\selenium-firefox-driver\2.48.2\selenium-firefox-driver-2.48.2.jar;C:\Users\dgm9075\.m2\repository\org\seleniumhq\selenium\selenium-ie-driver\2.48.2\selenium-ie-driver-2.48.2.jar;C:\Users\dgm9075\.m2\repository\net\java\dev\jna\jna\4.1.0\jna-4.1.0.jar;C:\Users\dgm9075\.m2\repository\net\java\dev\jna\jna-platform\4.1.0\jna-platform-4.1.0.jar;C:\Users\dgm9075\.m2\repository\org\seleniumhq\selenium\selenium-safari-driver\2.48.2\selenium-safari-driver-2.48.2.jar;C:\Users\dgm9075\.m2\repository\org\seleniumhq\selenium\selenium-support\2.48.2\selenium-support-2.48.2.jar;C:\Users\dgm9075\.m2\repository\org\webbitserver\webbit\0.4.14\webbit-0.4.14.jar;C:\Users\dgm9075\.m2\repository\io\netty\netty\3.5.2.Final\netty-3.5.2.Final.jar;C:\Users\dgm9075\.m2\repository\org\seleniumhq\selenium\selenium-leg-rc\2.48.2\selenium-leg-rc-2.48.2.jar;C:\Users\dgm9075\.m2\repository\org\apache\poi\poi-ooxml\3.13\poi-ooxml-3.13.jar;C:\Users\dgm9075\.m2\repository\org\apache\poi\poi-ooxml-schemas\3.13\poi-ooxml-schemas-3.13.jar;C:\Users\dgm9075\.m2\repository\org\apache\xmlbeans\xmlbeans\2.6.0\xmlbeans-2.6.0.jar;"/>
    <property name="java.vm.specification.version" value="1.8"/>
    <property name="sun.arch.data.model" value="64"/>
    <property name="java.home" value="C:\Program Files\Java\jdk1.8.0_101\jre"/>
    <property name="sun.java.command" value="C:\Users\dgm9075\AppData\Local\Temp\surefirebooter1913609710555518224.jar C:\Users\dgm9075\AppData\Local\Temp\surefire3075341550174085342tmp C:\Users\dgm9075\AppData\Local\Temp\surefire876775527238690203tmp"/>
    <property name="java.specification.vendor" value="Oracle Corporation"/>
    <property name="user.language" value="en"/>
    <property name="awt.toolkit" value="sun.awt.windows.WToolkit"/>
    <property name="java.vm.info" value="mixed mode"/>
    <property name="java.version" value="1.8.0_101"/>
    <property name="java.ext.dirs" value="C:\Program Files\Java\jdk1.8.0_101\jre\lib\ext;C:\WINDOWS\Sun\Java\lib\ext"/>
    <property name="sun.boot.class.path" value="C:\Program Files\Java\jdk1.8.0_101\jre\lib\resources.jar;C:\Program Files\Java\jdk1.8.0_101\jre\lib\rt.jar;C:\Program Files\Java\jdk1.8.0_101\jre\lib\sunrsasign.jar;C:\Program Files\Java\jdk1.8.0_101\jre\lib\jsse.jar;C:\Program Files\Java\jdk1.8.0_101\jre\lib\jce.jar;C:\Program Files\Java\jdk1.8.0_101\jre\lib\charsets.jar;C:\Program Files\Java\jdk1.8.0_101\jre\lib\jfr.jar;C:\Program Files\Java\jdk1.8.0_101\jre\classes"/>
    <property name="webdriver.chrome.driver" value=".\resources\chromedriver.exe"/>
    <property name="java.vendor" value="Oracle Corporation"/>
    <property name="localRepository" value="C:\Users\dgm9075\.m2\repository"/>
    <property name="file.separator" value="\"/>
    <property name="java.vendor.url.bug" value="http://bugreport.sun.com/bugreport/"/>
    <property name="sun.cpu.endian" value="little"/>
    <property name="sun.io.unicode.encoding" value="UnicodeLittle"/>
    <property name="sun.desktop" value="windows"/>
    <property name="sun.cpu.isalist" value="amd64"/>
  </properties>
  <testcase classname="package_tests.SearchForProductsTest" name="searchForProduct" time="2.547">
    <failure message="no such element
  (Session info: chrome=51.0.2704.103)
  (Driver info: chromedriver=2.8.241075,platform=Windows NT 6.1 SP1 x86_64) (WARNING: The server did not provide any stacktrace information)
Command duration or timeout: 356 milliseconds
For documentation on this error, please visit: http://seleniumhq.org/exceptions/no_such_element.html
Build info: version: &apos;2.48.2&apos;, revision: &apos;41bccdd10cf2c0560f637404c2d96164b67d9d67&apos;, time: &apos;2015-10-09 13:08:06&apos;
System info: host: &apos;PA3L2TRHVY1&apos;, ip: &apos;10.21.104.69&apos;, os.name: &apos;Windows 7&apos;, os.arch: &apos;amd64&apos;, os.version: &apos;6.1&apos;, java.version: &apos;1.8.0_101&apos;
Driver info: org.openqa.selenium.chrome.ChromeDriver
Capabilities [{applicationCacheEnabled=false, rotatable=false, chrome={userDataDir=C:\Users\dgm9075\AppData\Local\Temp\scoped_dir2620_18341}, takesHeapSnapshot=true, databaseEnabled=false, handlesAlerts=true, version=51.0.2704.103, platform=XP, browserConnectionEnabled=false, nativeEvents=true, acceptSslCerts=true, locationContextEnabled=true, webStorageEnabled=true, browserName=chrome, takesScreenshot=true, javascriptEnabled=true, cssSelectorsEnabled=true}]
Session ID: 57d55aeb0c77692bcfdd9fb7407645ee
*** Element info: {Using=css selector, value=.listingscnt}" type="org.openqa.selenium.NoSuchElementException">org.openqa.selenium.NoSuchElementException: no such element
  (Session info: chrome=51.0.2704.103)
  (Driver info: chromedriver=2.8.241075,platform=Windows NT 6.1 SP1 x86_64) (WARNING: The server did not provide any stacktrace information)
Command duration or timeout: 356 milliseconds
For documentation on this error, please visit: http://seleniumhq.org/exceptions/no_such_element.html
Build info: version: &apos;2.48.2&apos;, revision: &apos;41bccdd10cf2c0560f637404c2d96164b67d9d67&apos;, time: &apos;2015-10-09 13:08:06&apos;
System info: host: &apos;PA3L2TRHVY1&apos;, ip: &apos;10.21.104.69&apos;, os.name: &apos;Windows 7&apos;, os.arch: &apos;amd64&apos;, os.version: &apos;6.1&apos;, java.version: &apos;1.8.0_101&apos;
Driver info: org.openqa.selenium.chrome.ChromeDriver
Capabilities [{applicationCacheEnabled=false, rotatable=false, chrome={userDataDir=C:\Users\dgm9075\AppData\Local\Temp\scoped_dir2620_18341}, takesHeapSnapshot=true, databaseEnabled=false, handlesAlerts=true, version=51.0.2704.103, platform=XP, browserConnectionEnabled=false, nativeEvents=true, acceptSslCerts=true, locationContextEnabled=true, webStorageEnabled=true, browserName=chrome, takesScreenshot=true, javascriptEnabled=true, cssSelectorsEnabled=true}]
Session ID: 57d55aeb0c77692bcfdd9fb7407645ee
*** Element info: {Using=css selector, value=.listingscnt}
	at sun.reflect.NativeConstructorAccessorImpl.newInstance0(Native Method)
	at sun.reflect.NativeConstructorAccessorImpl.newInstance(NativeConstructorAccessorImpl.java:62)
	at sun.reflect.DelegatingConstructorAccessorImpl.newInstance(DelegatingConstructorAccessorImpl.java:45)
	at java.lang.reflect.Constructor.newInstance(Constructor.java:423)
	at org.openqa.selenium.remote.ErrorHandler.createThrowable(ErrorHandler.java:206)
	at org.openqa.selenium.remote.ErrorHandler.throwIfResponseFailed(ErrorHandler.java:158)
	at org.openqa.selenium.remote.RemoteWebDriver.execute(RemoteWebDriver.java:647)
	at org.openqa.selenium.remote.RemoteWebDriver.findElement(RemoteWebDriver.java:353)
	at org.openqa.selenium.remote.RemoteWebDriver.findElementByCssSelector(RemoteWebDriver.java:482)
	at org.openqa.selenium.By$ByCssSelector.findElement(By.java:430)
	at org.openqa.selenium.remote.RemoteWebDriver.findElement(RemoteWebDriver.java:345)
	at package_pageobjects.SearchResultsPage.verifyResultsReturn(SearchResultsPage.java:28)
	at package_tests.SearchForProductsTest.searchForProduct(SearchForProductsTest.java:79)
</failure>
  </testcase>
  <testcase classname="package_tests.SearchForProductsTest" name="searchForProduct" time="1.954">
    <failure message="no such element
  (Session info: chrome=51.0.2704.103)
  (Driver info: chromedriver=2.8.241075,platform=Windows NT 6.1 SP1 x86_64) (WARNING: The server did not provide any stacktrace information)
Command duration or timeout: 1.34 seconds
For documentation on this error, please visit: http://seleniumhq.org/exceptions/no_such_element.html
Build info: version: &apos;2.48.2&apos;, revision: &apos;41bccdd10cf2c0560f637404c2d96164b67d9d67&apos;, time: &apos;2015-10-09 13:08:06&apos;
System info: host: &apos;PA3L2TRHVY1&apos;, ip: &apos;10.21.104.69&apos;, os.name: &apos;Windows 7&apos;, os.arch: &apos;amd64&apos;, os.version: &apos;6.1&apos;, java.version: &apos;1.8.0_101&apos;
Driver info: org.openqa.selenium.chrome.ChromeDriver
Capabilities [{applicationCacheEnabled=false, rotatable=false, chrome={userDataDir=C:\Users\dgm9075\AppData\Local\Temp\scoped_dir2620_18341}, takesHeapSnapshot=true, databaseEnabled=false, handlesAlerts=true, version=51.0.2704.103, platform=XP, browserConnectionEnabled=false, nativeEvents=true, acceptSslCerts=true, locationContextEnabled=true, webStorageEnabled=true, browserName=chrome, takesScreenshot=true, javascriptEnabled=true, cssSelectorsEnabled=true}]
Session ID: 57d55aeb0c77692bcfdd9fb7407645ee
*** Element info: {Using=css selector, value=.listingscnt}" type="org.openqa.selenium.NoSuchElementException">org.openqa.selenium.NoSuchElementException: no such element
  (Session info: chrome=51.0.2704.103)
  (Driver info: chromedriver=2.8.241075,platform=Windows NT 6.1 SP1 x86_64) (WARNING: The server did not provide any stacktrace information)
Command duration or timeout: 1.34 seconds
For documentation on this error, please visit: http://seleniumhq.org/exceptions/no_such_element.html
Build info: version: &apos;2.48.2&apos;, revision: &apos;41bccdd10cf2c0560f637404c2d96164b67d9d67&apos;, time: &apos;2015-10-09 13:08:06&apos;
System info: host: &apos;PA3L2TRHVY1&apos;, ip: &apos;10.21.104.69&apos;, os.name: &apos;Windows 7&apos;, os.arch: &apos;amd64&apos;, os.version: &apos;6.1&apos;, java.version: &apos;1.8.0_101&apos;
Driver info: org.openqa.selenium.chrome.ChromeDriver
Capabilities [{applicationCacheEnabled=false, rotatable=false, chrome={userDataDir=C:\Users\dgm9075\AppData\Local\Temp\scoped_dir2620_18341}, takesHeapSnapshot=true, databaseEnabled=false, handlesAlerts=true, version=51.0.2704.103, platform=XP, browserConnectionEnabled=false, nativeEvents=true, acceptSslCerts=true, locationContextEnabled=true, webStorageEnabled=true, browserName=chrome, takesScreenshot=true, javascriptEnabled=true, cssSelectorsEnabled=true}]
Session ID: 57d55aeb0c77692bcfdd9fb7407645ee
*** Element info: {Using=css selector, value=.listingscnt}
	at sun.reflect.NativeConstructorAccessorImpl.newInstance0(Native Method)
	at sun.reflect.NativeConstructorAccessorImpl.newInstance(NativeConstructorAccessorImpl.java:62)
	at sun.reflect.DelegatingConstructorAccessorImpl.newInstance(DelegatingConstructorAccessorImpl.java:45)
	at java.lang.reflect.Constructor.newInstance(Constructor.java:423)
	at org.openqa.selenium.remote.ErrorHandler.createThrowable(ErrorHandler.java:206)
	at org.openqa.selenium.remote.ErrorHandler.throwIfResponseFailed(ErrorHandler.java:158)
	at org.openqa.selenium.remote.RemoteWebDriver.execute(RemoteWebDriver.java:647)
	at org.openqa.selenium.remote.RemoteWebDriver.findElement(RemoteWebDriver.java:353)
	at org.openqa.selenium.remote.RemoteWebDriver.findElementByCssSelector(RemoteWebDriver.java:482)
	at org.openqa.selenium.By$ByCssSelector.findElement(By.java:430)
	at org.openqa.selenium.remote.RemoteWebDriver.findElement(RemoteWebDriver.java:345)
	at package_pageobjects.SearchResultsPage.verifyResultsReturn(SearchResultsPage.java:28)
	at package_tests.SearchForProductsTest.searchForProduct(SearchForProductsTest.java:79)
</failure>
  </testcase>
</testsuite>